"../../../KoreaGameJam/Content/Audios/bgm1.uasset" 0
"../../../KoreaGameJam/Content/Mannequin/Character/Mesh/UE4_Mannequin_Skeleton.uasset" 1
"../../../KoreaGameJam/Content/Mannequin/Animations/ThirdPersonJump_End.uasset" 2
"../../../KoreaGameJam/Content/Textures/base_black_d.uasset" 3
"../../../KoreaGameJam/Content/Textures/base_flat_n.uasset" 4
"../../../KoreaGameJam/Content/Textures/base_gray_d.uasset" 5
"../../../KoreaGameJam/Content/Textures/KakaoTalk_20171216_150536709.uasset" 6
"../../../Engine/Content/Functions/Engine_MaterialFunctions01/Opacity/CameraDepthFade.uasset" 7
"../../../Engine/Content/EngineMaterials/T_Default_Material_Grid_M.uasset" 8
"../../../Engine/Content/EngineMaterials/T_Default_Material_Grid_N.uasset" 9
"../../../Engine/Content/EngineMaterials/DefaultMaterial.uasset" 10
"../../../Engine/Content/BasicShapes/Cone.uasset" 11
"../../../Engine/Content/BasicShapes/Cylinder.uasset" 12
"../../../Engine/Content/EngineMaterials/WorldGridMaterial.uasset" 13
"../../../Engine/Content/BasicShapes/Plane.uasset" 14
"../../../Engine/Content/BasicShapes/Sphere.uasset" 15
"../../../Engine/Content/EditorLandscapeResources/DataLayer.uasset" 16
"../../../Engine/Content/EditorMaterials/GizmoMaterial.uasset" 17
"../../../Engine/Content/EditorMaterials/MAT_Groups_Toggle.uasset" 18
"../../../Engine/Content/EditorMaterials/MAT_Groups_Visibility.uasset" 19
"../../../Engine/Content/EditorMaterials/PreviewShadowIndicator.uasset" 20
"../../../Engine/Content/EditorMaterials/PreviewShadowIndicatorMaterial.uasset" 21
"../../../Engine/Content/EditorMaterials/AssetViewer/EpicQuadPanorama_CC+EV1.uasset" 22
"../../../Engine/Content/EditorMaterials/MatineeGroups/MAT_ColorTrack.uasset" 23
"../../../Engine/Content/EditorMaterials/MatineeGroups/MAT_Groups_Anim.uasset" 24
"../../../Engine/Content/EditorMaterials/MatineeGroups/MAT_Groups_AudioMaster.uasset" 25
"../../../Engine/Content/EditorMaterials/MatineeGroups/MAT_Groups_Director.uasset" 26
"../../../Engine/Content/EditorMaterials/MatineeGroups/MAT_Groups_Event.uasset" 27
"../../../Engine/Content/EditorMaterials/MatineeGroups/MAT_Groups_Fade.uasset" 28
"../../../Engine/Content/EditorMaterials/MatineeGroups/MAT_Groups_Float.uasset" 29
"../../../Engine/Content/EditorMaterials/MatineeGroups/MAT_Groups_Move.uasset" 30
"../../../Engine/Content/EditorMaterials/MatineeGroups/MAT_Groups_Slomo.uasset" 31
"../../../Engine/Content/EditorMaterials/MatineeGroups/MAT_Groups_Sound.uasset" 32
"../../../Engine/Content/EditorMaterials/MatineeGroups/MAT_Groups_Vector.uasset" 33
"../../../Engine/Content/EditorMaterials/ParticleSystems/PSysThumbnail_NoImage.uasset" 34
"../../../Engine/Content/EditorMaterials/ParticleSystems/PSysThumbnail_OOD.uasset" 35
"../../../Engine/Content/EditorMaterials/Camera/CineMat.uasset" 36
"../../../Engine/Content/EditorMaterials/Camera/MI_CineMat_Rig.uasset" 37
"../../../Engine/Content/EditorMeshes/Camera/SM_CraneRig_Arm.uasset" 38
"../../../Engine/Content/EditorMeshes/Camera/SM_CraneRig_Base.uasset" 39
"../../../Engine/Content/EditorMeshes/Camera/SM_CraneRig_Body.uasset" 40
"../../../Engine/Content/EditorMeshes/Camera/SM_CraneRig_Mount.uasset" 41
"../../../Engine/Content/EditorMeshes/Camera/SM_RailRig_Mount.uasset" 42
"../../../Engine/Content/EditorMeshes/Camera/SM_RailRig_Track.uasset" 43
"../../../Engine/Content/EditorMeshes/ColorCalibrator/M_ChromeBall.uasset" 44
"../../../Engine/Content/EditorMeshes/ColorCalibrator/M_ClearCoat.uasset" 45
"../../../Engine/Content/EditorMeshes/ColorCalibrator/M_ClearCoatBlack.uasset" 46
"../../../Engine/Content/EditorMeshes/ColorCalibrator/T_ColorGrid.uasset" 47
"../../../Engine/Content/EditorMeshes/ColorCalibrator/M_ColorGrid.uasset" 48
"../../../Engine/Content/EditorMeshes/ColorCalibrator/M_GreyBall.uasset" 49
"../../../Engine/Content/EditorMeshes/ColorCalibrator/SM_ColorCalibrator.uasset" 50
"../../../Engine/Content/EditorResources/BSPVertex.uasset" 51
"../../../Engine/Content/EditorResources/S_Actor.uasset" 52
"../../../Engine/Content/EditorResources/S_Trigger.uasset" 53
"../../../Engine/Content/EditorResources/SequenceRecorder/Countdown.uasset" 54
"../../../Engine/Content/EditorResources/SequenceRecorder/RecordingIndicator.uasset" 55
"../../../Engine/Content/EditorSounds/Notifications/CompileFailed.uasset" 56
"../../../Engine/Content/EditorSounds/Notifications/CompileFailed_Cue.uasset" 57
"../../../Engine/Content/EditorSounds/Notifications/CompileSuccess.uasset" 58
"../../../Engine/Content/EditorSounds/Notifications/CompileStart_Cue.uasset" 59
"../../../Engine/Content/EditorSounds/Notifications/CompileSuccess_Cue.uasset" 60
"../../../Engine/Content/EngineDamageTypes/DmgTypeBP_Environmental.uasset" 61
"../../../Engine/Content/EngineDebugMaterials/HeatmapGradient.uasset" 62
"../../../Engine/Content/EngineDebugMaterials/BoneWeightMaterial.uasset" 63
"../../../Engine/Content/EngineDebugMaterials/ClothMaterial.uasset" 64
"../../../Engine/Content/EngineDebugMaterials/DebugMeshMaterial.uasset" 65
"../../../Engine/Content/EngineDebugMaterials/GeomMaterial.uasset" 66
"../../../Engine/Content/EngineFonts/Faces/RobotoBold.uasset" 67
"../../../Engine/Content/EngineFonts/Faces/RobotoBoldItalic.uasset" 68
"../../../Engine/Content/EngineFonts/Faces/RobotoItalic.uasset" 69
"../../../Engine/Content/EngineFonts/Faces/RobotoLight.uasset" 70
"../../../Engine/Content/EngineFonts/Faces/RobotoRegular.uasset" 71
"../../../Engine/Content/EngineFonts/Roboto.uasset" 72
"../../../Engine/Content/EngineFonts/Faces/RobotoTiny.uasset" 73
"../../../Engine/Content/EngineFonts/RobotoTiny.uasset" 74
"../../../Engine/Content/EngineMaterials/DefaultBloomKernel.uasset" 75
"../../../Engine/Content/EngineMaterials/DefaultBokeh.uasset" 76
"../../../Engine/Content/EngineMaterials/DefaultDiffuse.uasset" 77
"../../../Engine/Content/EngineMaterials/DefaultDeferredDecalMaterial.uasset" 78
"../../../Engine/Content/EngineMaterials/DefaultLightFunctionMaterial.uasset" 79
"../../../Engine/Content/EngineMaterials/DefaultPhysicalMaterial.uasset" 80
"../../../Engine/Content/Functions/Engine_MaterialFunctions02/Utility/BreakOutFloat2Components.uasset" 81
"../../../Engine/Content/EngineMaterials/DefaultPostProcessMaterial.uasset" 82
"../../../Engine/Content/EngineFonts/RobotoDistanceField.uasset" 83
"../../../Engine/Content/EngineMaterials/DefaultTextMaterialOpaque.uasset" 84
"../../../Engine/Content/EngineMaterials/DefaultWhiteGrid.uasset" 85
"../../../Engine/Content/EngineMaterials/EditorBrushMaterial.uasset" 86
"../../../Engine/Content/EngineMaterials/Good64x64TilingNoiseHighFreq.uasset" 87
"../../../Engine/Content/EngineMaterials/MiniFont.uasset" 88
"../../../Engine/Content/EngineMaterials/InvalidLightmapSettings.uasset" 89
"../../../Engine/Content/EngineMaterials/M_InvalidLightmapSettings.uasset" 90
"../../../Engine/Content/EngineMaterials/PhAT_JointLimitMaterial.uasset" 91
"../../../Engine/Content/EngineMaterials/PreintegratedSkinBRDF.uasset" 92
"../../../Engine/Content/EngineMaterials/RemoveSurfaceMaterial.uasset" 93
"../../../Engine/Content/EngineMaterials/WeightMapPlaceholderTexture.uasset" 94
"../../../Engine/Content/EngineResources/WhiteSquareTexture.uasset" 95
"../../../Engine/Content/EngineMaterials/Widget3DPassThrough.uasset" 96
"../../../Engine/Content/EngineMaterials/Widget3DPassThrough_Masked.uasset" 97
"../../../Engine/Content/EngineMaterials/Widget3DPassThrough_Opaque.uasset" 98
"../../../Engine/Content/EngineMaterials/Widget3DPassThrough_Masked_OneSided.uasset" 99
"../../../Engine/Content/EngineMaterials/Widget3DPassThrough_Opaque_OneSided.uasset" 100
"../../../Engine/Content/EngineMaterials/Widget3DPassThrough_Translucent.uasset" 101
"../../../Engine/Content/EngineMaterials/Widget3DPassThrough_Translucent_OneSided.uasset" 102
"../../../Engine/Content/EngineMeshes/Cube.uasset" 103
"../../../Engine/Content/EngineMeshes/Cylinder.uasset" 104
"../../../Engine/Content/EngineMeshes/Sphere.uasset" 105
"../../../Engine/Content/EngineResources/Black.uasset" 106
"../../../Engine/Content/EngineResources/DefaultTexture.uasset" 107
"../../../Engine/Content/EngineResources/DefaultTextureCube.uasset" 108
"../../../Engine/Content/EngineResources/GradientTexture0.uasset" 109
"../../../Engine/Content/EngineSounds/Master.uasset" 110
"../../../Engine/Content/Functions/Engine_MaterialFunctions01/Shading/ConvertFromDiffSpec.uasset" 111
"../../../Engine/Content/Functions/Engine_MaterialFunctions01/Shading/PowerToRoughness.uasset" 112
"../../../Engine/Content/Maps/Templates/Thumbnails/Default.uasset" 113
"../../../Engine/Content/Maps/Templates/Thumbnails/VR-Basic.uasset" 114
"../../../Engine/Content/MobileResources/T_MobileControls_texture.uasset" 115
"../../../Engine/Content/MobileResources/T_MobileMenu2.uasset" 116
"../../../Engine/Content/MobileResources/HUD/AnalogHat.uasset" 117
"../../../Engine/Content/MobileResources/HUD/VirtualJoystick_Background.uasset" 118
"../../../Engine/Content/MobileResources/HUD/VirtualJoystick_Thumb.uasset" 119
"../../../Engine/Content/MobileResources/HUD/DefaultVirtualJoysticks.uasset" 120
"../../../Engine/Content/MobileResources/HUD/LeftVirtualJoystickOnly.uasset" 121
"../../../Engine/Content/MobileResources/HUD/MobileHUDButton1_off.uasset" 122
"../../../Engine/Content/MobileResources/HUD/MobileHUDButton1_on.uasset" 123
"../../../Engine/Content/MobileResources/HUD/MobileHUDButton2_off.uasset" 124
"../../../Engine/Content/MobileResources/HUD/MobileHUDButton2_on.uasset" 125
"../../../Engine/Content/MobileResources/HUD/MobileHUDButton3.uasset" 126
"../../../Engine/Content/MobileResources/HUD/MobileHUDButtonFire.uasset" 127
"../../../Engine/Content/MobileResources/HUD/MobileHUDDirectionPad.uasset" 128
"../../../Engine/Content/MobileResources/HUD/MobileHUDDirectionPad2.uasset" 129
"../../../Engine/Content/MobileResources/HUD/MobileHUDDirectionPad3.uasset" 130
"../../../Engine/Content/MobileResources/HUD/MobileHUDDirectionStick.uasset" 131
"../../../Engine/Content/MobileResources/HUD/T_Castle_ThumbstickInner.uasset" 132
"../../../Engine/Content/MobileResources/HUD/T_Castle_ThumbstickOutter.uasset" 133
"../../../Engine/Content/Tutorial/ContentIntroCurve.uasset" 134
"../../../Engine/Content/Tutorial/Basics/TutorialAssets/icon_tab_Levels_40x.uasset" 135
"../../../Engine/Content/Tutorial/BlueprintTutorials/TutorialAssets/BlueprintInterface_64x.uasset" 136
"../../../Engine/Content/Tutorial/BlueprintTutorials/TutorialAssets/BlueprintMacroLibrary_64x.uasset" 137
"../../../Engine/Content/Tutorial/BlueprintTutorials/TutorialAssets/Blueprint_64x.uasset" 138
"../../../Engine/Content/Tutorial/BlueprintTutorials/TutorialAssets/Tutorial_BP_Interface.uasset" 139
"../../../Engine/Content/Tutorial/Foliage/TutorialAssets/Foliage.uasset" 140
"../../../Engine/Content/Tutorial/Landscape/TutorialAssets/Landscape.uasset" 141
"../../../Engine/Content/Tutorial/Paper2D/TutorialAssets/Paper2DFlipbook_TutorialIcon.uasset" 142
"../../../Engine/Content/Tutorial/Paper2D/TutorialAssets/Paper2DSprite_TutorialIcon.uasset" 143
"../../../Engine/Content/Tutorial/SubEditors/TutorialAssets/icon_Editor_Preferences_General_40x.uasset" 144
"../../../Engine/Content/Tutorial/SubEditors/TutorialAssets/icon_ShowSkeletalMeshes_40x.uasset" 145
"../../../Engine/Content/Tutorial/SubEditors/TutorialAssets/TutorialMaterial.uasset" 146
"../../../Engine/Content/Tutorial/SubEditors/TutorialAssets/T_SmokeSubUV_8X8.uasset" 147
"../../../Engine/Content/Tutorial/SubEditors/TutorialAssets/T_soft_smoke.uasset" 148
"../../../Engine/Content/Tutorial/SubEditors/TutorialAssets/M_smoke_subUV_blackbody.uasset" 149
"../../../Engine/Content/Tutorial/SubEditors/TutorialAssets/TutorialParticleSystem.uasset" 150
"../../../Engine/Content/EditorMeshes/EditorCube.uasset" 151
"../../../Engine/Content/Tutorial/SubEditors/TutorialAssets/Tutorial_DM.uasset" 152
"../../../Engine/Content/VREditor/Devices/Generic/GenericHMDMaterial.uasset" 153
"../../../Engine/Content/VREditor/Devices/Generic/GenericHMD.uasset" 154
"../../../Engine/Content/VREditor/FloatingText/LineMaterial.uasset" 155
"../../../Engine/Content/VREditor/FloatingText/JointSphere.uasset" 156
"../../../Engine/Content/VREditor/FloatingText/LineSegmentCylinder.uasset" 157
"../../../Engine/Content/VREditor/Fonts/VRText_RobotoLarge.uasset" 158
"../../../Engine/Content/VREditor/Fonts/VRTextMaterial.uasset" 159
"../../../Engine/Content/VREditor/Fonts/TranslucentVRTextMaterial.uasset" 160
"../../../Engine/Content/VREditor/LaserPointer/VR_LaserPower_01.uasset" 161
"../../../Engine/Content/VREditor/TransformGizmo/TransformGizmoMaterial.uasset" 162
"../../../Engine/Content/VREditor/LaserPointer/HoverMaterial.uasset" 163
"../../../Engine/Content/VREditor/TransformGizmo/TranslucentTransformGizmoMaterial.uasset" 164
"../../../Engine/Content/VREditor/LaserPointer/TranslucentHoverMaterial.uasset" 165
"../../../Engine/Content/VREditor/LaserPointer/HoverMesh.uasset" 166
"../../../Engine/Content/VREditor/LaserPointer/LaserPointerMaterial.uasset" 167
"../../../Engine/Content/VREditor/LaserPointer/LaserPointerMaterialInst.uasset" 168
"../../../Engine/Content/VREditor/LaserPointer/TranslucentLaserPointerMaterialInst.uasset" 169
"../../../Engine/Content/VREditor/LaserPointer/LaserPointerMesh.uasset" 170
"../../../Engine/Content/VREditor/LaserPointer/LaserPointerMesh_End.uasset" 171
"../../../Engine/Content/VREditor/LaserPointer/LaserPointerMesh_Start.uasset" 172
"../../../Engine/Content/Functions/Engine_MaterialFunctions02/Utility/BreakOutFloat3Components.uasset" 173
"../../../Engine/Content/Functions/Engine_MaterialFunctions02/Math/Transform3x3Matrix.uasset" 174
"../../../Engine/Content/Functions/Engine_MaterialFunctions02/SplitComponents.uasset" 175
"../../../Engine/Content/Functions/Engine_MaterialFunctions02/Utility/MakeFloat3.uasset" 176
"../../../Engine/Content/VREditor/SnapGrid/SnapGridMaterial.uasset" 177
"../../../Engine/Content/VREditor/SnapGrid/SnapGridPlaneMesh.uasset" 178
"../../../Engine/Content/VREditor/Sounds/VR_teleport_Cue.uasset" 179
"../../../Engine/Content/VREditor/Sounds/UI/Click_on_Button_Cue.uasset" 180
"../../../Engine/Content/VREditor/Sounds/UI/Dockable_Window_Close.uasset" 181
"../../../Engine/Content/VREditor/Sounds/UI/Dockable_Window_Drop.uasset" 182
"../../../Engine/Content/VREditor/Sounds/UI/Dockable_Window_Open.uasset" 183
"../../../Engine/Content/VREditor/Sounds/UI/Dockable_Window_Pick_Up.uasset" 184
"../../../Engine/Content/VREditor/Sounds/UI/Drop_Item_From_ContentBrowser.uasset" 185
"../../../Engine/Content/VREditor/Sounds/UI/Floating_UI_Open-001.uasset" 186
"../../../Engine/Content/VREditor/Sounds/UI/Gizmo_Handle_Clicked.uasset" 187
"../../../Engine/Content/VREditor/Sounds/UI/Object_PickUp.uasset" 188
"../../../Engine/Content/VREditor/Sounds/UI/Object_Snaps_To_Another_Actor.uasset" 189
"../../../Engine/Content/VREditor/Sounds/UI/Object_Snaps_To_Grid.uasset" 190
"../../../Engine/Content/VREditor/Sounds/UI/Radial_Menu_FadeOut.uasset" 191
"../../../Engine/Content/VREditor/Sounds/UI/Scaling_Down.uasset" 192
"../../../Engine/Content/VREditor/Sounds/UI/Scaling_Up.uasset" 193
"../../../Engine/Content/VREditor/Sounds/UI/Selection_Changes.uasset" 194
"../../../Engine/Content/VREditor/Sounds/UI/Teleport_Mode_Entered.uasset" 195
"../../../Engine/Content/VREditor/Teleport/TeleportDirectionMaterial.uasset" 196
"../../../Engine/Content/VREditor/Teleport/TeleportDirectionMaterial_Inst.uasset" 197
"../../../Engine/Content/VREditor/Teleport/TeleportDirectionMesh.uasset" 198
"../../../Engine/Content/VREditor/TransformGizmo/BoundingBoxCorner.uasset" 199
"../../../Engine/Content/VREditor/TransformGizmo/BoundingBoxEdge.uasset" 200
"../../../Engine/Content/VREditor/TransformGizmo/PlaneTranslationHandle.uasset" 201
"../../../Engine/Content/VREditor/TransformGizmo/RotationHandle.uasset" 202
"../../../Engine/Content/VREditor/TransformGizmo/RotationHandleFull.uasset" 203
"../../../Engine/Content/VREditor/TransformGizmo/RotationHandleIndicator.uasset" 204
"../../../Engine/Content/VREditor/TransformGizmo/RotationHandleQuarter.uasset" 205
"../../../Engine/Content/VREditor/TransformGizmo/Main.uasset" 206
"../../../Engine/Content/VREditor/TransformGizmo/Xray.uasset" 207
"../../../Engine/Content/VREditor/TransformGizmo/SM_Dialog_Close.uasset" 208
"../../../Engine/Content/VREditor/TransformGizmo/SM_Dialog_Move.uasset" 209
"../../../Engine/Content/VREditor/TransformGizmo/SM_Sequencer_Key.uasset" 210
"../../../Engine/Content/VREditor/TransformGizmo/StartRotationHandleIndicator.uasset" 211
"../../../Engine/Content/VREditor/TransformGizmo/TransformGizmoMaterial_Inst.uasset" 212
"../../../Engine/Content/VREditor/TransformGizmo/TranslateArrowHandle.uasset" 213
"../../../Engine/Content/VREditor/TransformGizmo/TranslationHandle.uasset" 214
"../../../Engine/Content/VREditor/TransformGizmo/TranslucentTransformGizmoMaterial_Inst.uasset" 215
"../../../Engine/Content/VREditor/TransformGizmo/UniformScaleHandle.uasset" 216
"../../../Engine/Content/VREditor/UI/KeyDiskMaterial.uasset" 217
"../../../Engine/Content/VREditor/UI/DiscMaterial.uasset" 218
"../../../Engine/Content/VREditor/UI/SM_Radial_Disk.uasset" 219
"../../../Engine/Content/Functions/Engine_MaterialFunctions01/Gradient/RadialGradient.uasset" 220
"../../../Engine/Content/VREditor/WorldMovementGrid/SimpleGrid.uasset" 221
"../../../Engine/Content/VREditor/WorldMovementGrid/GridMaterial.uasset" 222
"../../../Engine/Content/Functions/Engine_MaterialFunctions01/Density/ExponentialDensity.uasset" 223
"../../../Engine/Content/VREditor/WorldMovementGrid/GridPostProcess.uasset" 224
"../../../Engine/Content/EditorLandscapeResources/FlattenHeightMat.uasset" 225
"../../../Engine/Content/VREditor/WorldMovementGrid/PlaneMesh.uasset" 226
"../../../Engine/Plugins/2D/Paper2D/Content/DummySprite.uasset" 227
"../../../Engine/Plugins/2D/Paper2D/Content/DefaultPaperTerrainMaterial.uasset" 228
"../../../Engine/Plugins/2D/Paper2D/Content/DefaultSpriteMaterial.uasset" 229
"../../../Engine/Plugins/2D/Paper2D/Content/MaskedUnlitSpriteMaterial.uasset" 230
"../../../Engine/Plugins/2D/Paper2D/Content/OpaqueUnlitSpriteMaterial.uasset" 231
"../../../Engine/Plugins/2D/Paper2D/Content/PlaceholderTextures/DummySpriteTexture.uasset" 232
"../../../Engine/Plugins/Runtime/GearVR/Content/Textures/GearVRController_AO.uasset" 233
"../../../Engine/Plugins/Runtime/GearVR/Content/Textures/GearVRController_Color.uasset" 234
"../../../Engine/Plugins/Runtime/GearVR/Content/Textures/GearVRController_Normal.uasset" 235
"../../../Engine/Plugins/Runtime/GearVR/Content/Materials/GearVRControllerMaterial.uasset" 236
"../../../Engine/Plugins/Runtime/GearVR/Content/Meshes/GearVrController.uasset" 237
"../../../Engine/Content/EditorBlueprintResources/ActorMacros.uasset" 238
"../../../Engine/Content/EditorBlueprintResources/StandardMacros.uasset" 239
"../../../KoreaGameJam/Content/PlayerControllers/LobbyPlayerController.uasset" 240
"../../../KoreaGameJam/Content/Fonts/Typo_SsangmunDongB.uasset" 241
"../../../KoreaGameJam/Content/Fonts/Typo_SsangmunDongB_Font.uasset" 242
"../../../KoreaGameJam/Content/Textures/Button_.uasset" 243
"../../../KoreaGameJam/Content/Textures/KakaoTalk_20171216_161211212.uasset" 244
"../../../KoreaGameJam/Content/Textures/KakaoTalk_20171216_161211223.uasset" 245
"../../../KoreaGameJam/Content/Textures/Loading.uasset" 246
"../../../KoreaGameJam/Content/Textures/Lobby_Background.uasset" 247
"../../../KoreaGameJam/Content/Textures/Lobby_Ready.uasset" 248
"../../../KoreaGameJam/Content/UserInterfaces/Lobby.uasset" 249
"../../../KoreaGameJam/Content/MyPlayerState.uasset" 250
"../../../KoreaGameJam/Content/GameModes/UserInterfaceGameMode.uasset" 251
"../../../KoreaGameJam/Content/Textures/Host.uasset" 252
"../../../KoreaGameJam/Content/Textures/Start.uasset" 253
"../../../KoreaGameJam/Content/UserInterfaces/ConnectHost.uasset" 254
"../../../KoreaGameJam/Content/Levels/ConnectHost.umap" 255
"../../../KoreaGameJam/Content/Levels/Level_BuiltData.uasset" 256
"../../../KoreaGameJam/Content/Materials/bese_material.uasset" 257
"../../../Engine/Content/BasicShapes/Cube.uasset" 258
"../../../KoreaGameJam/Content/Mannequin/Animations/ThirdPerson_Jump.uasset" 259
"../../../KoreaGameJam/Content/Mannequin/Animations/ThirdPersonJump_Loop.uasset" 260
"../../../KoreaGameJam/Content/Mannequin/Animations/ThirdPersonJump_Start.uasset" 261
"../../../KoreaGameJam/Content/Mannequin/Animations/ThirdPersonIdle.uasset" 262
"../../../KoreaGameJam/Content/Mannequin/Animations/ThirdPersonRun.uasset" 263
"../../../KoreaGameJam/Content/Mannequin/Animations/ThirdPersonWalk.uasset" 264
"../../../KoreaGameJam/Content/Mannequin/Animations/ThirdPerson_IdleRun_2D.uasset" 265
"../../../KoreaGameJam/Content/Mannequin/Animations/ThirdPerson_AnimBP.uasset" 266
"../../../KoreaGameJam/Content/Audios/Lose.uasset" 267
"../../../KoreaGameJam/Content/Audios/Win.uasset" 268
"../../../KoreaGameJam/Content/Textures/GameOver.uasset" 269
"../../../KoreaGameJam/Content/UserInterfaces/GameOver.uasset" 270
"../../../KoreaGameJam/Content/Textures/FirstPersonCrosshair.uasset" 271
"../../../KoreaGameJam/Content/FirstPersonHUD.uasset" 272
"../../../KoreaGameJam/Content/MyGameState.uasset" 273
"../../../KoreaGameJam/Content/PlayerControllers/GamePlayerController.uasset" 274
"../../../KoreaGameJam/Content/Materials/BaseMaterial.uasset" 275
"../../../KoreaGameJam/Content/Materials/Glass.uasset" 276
"../../../KoreaGameJam/Content/Textures/T_Concrete_Tiles_D.uasset" 277
"../../../KoreaGameJam/Content/Textures/T_Concrete_Tiles_M.uasset" 278
"../../../KoreaGameJam/Content/Textures/T_Concrete_Tiles_N.uasset" 279
"../../../KoreaGameJam/Content/Textures/T_Concrete_Tiles_Variation_M.uasset" 280
"../../../KoreaGameJam/Content/Textures/T_MacroVariation.uasset" 281
"../../../KoreaGameJam/Content/Materials/M_Concrete_Tiles.uasset" 282
"../../../KoreaGameJam/Content/Textures/TX_gray_fill_01.uasset" 283
"../../../KoreaGameJam/Content/Textures/TX_NRM_fill_01.uasset" 284
"../../../KoreaGameJam/Content/Textures/TX_RMA_fill_01.uasset" 285
"../../../KoreaGameJam/Content/Materials/MM_Master_Material_01.uasset" 286
"../../../KoreaGameJam/Content/Textures/TX_Oildrum_01_ALB.uasset" 287
"../../../KoreaGameJam/Content/Textures/TX_Oildrum_01_NRM.uasset" 288
"../../../KoreaGameJam/Content/Textures/TX_Oildrum_01_RMA.uasset" 289
"../../../KoreaGameJam/Content/Materials/Material_Instances/MI_Barrel_01.uasset" 290
"../../../KoreaGameJam/Content/Textures/TX_plywood_01_ALB.uasset" 291
"../../../KoreaGameJam/Content/Textures/TX_plywood_01_NRM.uasset" 292
"../../../KoreaGameJam/Content/Textures/TX_plywood_01_RMA.uasset" 293
"../../../KoreaGameJam/Content/Materials/Material_Instances/MI_Plywood_01.uasset" 294
"../../../KoreaGameJam/Content/Textures/TX_television_ALB.uasset" 295
"../../../KoreaGameJam/Content/Textures/TX_television_NRM.uasset" 296
"../../../KoreaGameJam/Content/Textures/TX_television_RMA.uasset" 297
"../../../KoreaGameJam/Content/Materials/Material_Instances/MI_Television_01.uasset" 298
"../../../KoreaGameJam/Content/Textures/TX_trashbin_02_ALB.uasset" 299
"../../../KoreaGameJam/Content/Textures/TX_trashbin_02_NRM.uasset" 300
"../../../KoreaGameJam/Content/Textures/TX_trashbin_02_RMA.uasset" 301
"../../../KoreaGameJam/Content/Materials/Material_Instances/MI_Trashbin_02.uasset" 302
"../../../KoreaGameJam/Content/Textures/VendingMachine_D.uasset" 303
"../../../KoreaGameJam/Content/Textures/VendingMachine_E.uasset" 304
"../../../KoreaGameJam/Content/Textures/VendingMachine_N.uasset" 305
"../../../KoreaGameJam/Content/Textures/VendingMachine_SRM.uasset" 306
"../../../KoreaGameJam/Content/Materials/Material_Instances/VendingMachine.uasset" 307
"../../../Engine/Content/MapTemplates/SM_Template_Map_Floor.uasset" 308
"../../../KoreaGameJam/Content/Textures/CCTV_D.uasset" 309
"../../../KoreaGameJam/Content/Textures/CCTV_N.uasset" 310
"../../../KoreaGameJam/Content/Textures/CCTV_SRM.uasset" 311
"../../../KoreaGameJam/Content/Materials/Material_Instances/CCTV.uasset" 312
"../../../KoreaGameJam/Content/Materials/Material_Instances/Glass.uasset" 313
"../../../KoreaGameJam/Content/StaticMeshes/CCTV1.uasset" 314
"../../../KoreaGameJam/Content/StaticMeshes/SM_Barrel_01.uasset" 315
"../../../KoreaGameJam/Content/StaticMeshes/SM_plywood_01.uasset" 316
"../../../KoreaGameJam/Content/StaticMeshes/SM_plywood_02.uasset" 317
"../../../KoreaGameJam/Content/StaticMeshes/SM_television_01.uasset" 318
"../../../KoreaGameJam/Content/Textures/TX_trash_01_ALB.uasset" 319
"../../../KoreaGameJam/Content/Textures/TX_trash_01_NRM.uasset" 320
"../../../KoreaGameJam/Content/Textures/TX_trash_01_RMA.uasset" 321
"../../../KoreaGameJam/Content/Materials/Material_Instances/MI_Trashset_01.uasset" 322
"../../../KoreaGameJam/Content/StaticMeshes/SM_trash_can_01.uasset" 323
"../../../KoreaGameJam/Content/Textures/TX_papers_01_ALB.uasset" 324
"../../../KoreaGameJam/Content/Textures/TX_papers_01_NRM.uasset" 325
"../../../KoreaGameJam/Content/Textures/TX_papers_01_RMA.uasset" 326
"../../../KoreaGameJam/Content/Materials/Material_Instances/MI_Paperset_01.uasset" 327
"../../../KoreaGameJam/Content/StaticMeshes/SM_trash_paper_01.uasset" 328
"../../../KoreaGameJam/Content/StaticMeshes/SM_trash_paper_02.uasset" 329
"../../../KoreaGameJam/Content/StaticMeshes/SM_trash_paper_04.uasset" 330
"../../../KoreaGameJam/Content/StaticMeshes/SM_trash_paper_05.uasset" 331
"../../../KoreaGameJam/Content/StaticMeshes/SM_trash_paper_06.uasset" 332
"../../../KoreaGameJam/Content/StaticMeshes/SM_trash_paper_ticket_01.uasset" 333
"../../../KoreaGameJam/Content/StaticMeshes/SM_trash_paper_ticket_02.uasset" 334
"../../../KoreaGameJam/Content/StaticMeshes/SM_trash_paper_ticket_03.uasset" 335
"../../../KoreaGameJam/Content/StaticMeshes/SM_trash_paper_ticket_04.uasset" 336
"../../../KoreaGameJam/Content/StaticMeshes/SM_trashbin_02.uasset" 337
"../../../KoreaGameJam/Content/StaticMeshes/VendingMachine3.uasset" 338
"../../../KoreaGameJam/Content/Room.uasset" 339
"../../../KoreaGameJam/Content/GameModes/MainGameMode.uasset" 340
"../../../Engine/Content/Functions/Engine_MaterialFunctions02/Utility/BlendAngleCorrectedNormals.uasset" 341
"../../../Engine/Content/Functions/MaterialLayerFunctions/MatLayerBlend_NormalBlend.uasset" 342
"../../../Engine/Content/Functions/MaterialLayerFunctions/MatLayerBlend_Simple.uasset" 343
"../../../KoreaGameJam/Content/Textures/T_ML_Rubber_Blue_01_D.uasset" 344
"../../../KoreaGameJam/Content/Textures/T_ML_Rubber_Blue_01_N.uasset" 345
"../../../KoreaGameJam/Content/Mannequin/Character/Materials/MaterialLayers/ML_GlossyBlack_Latex_UE4.uasset" 346
"../../../KoreaGameJam/Content/Mannequin/Character/Materials/MaterialLayers/ML_Plastic_Shiny_Beige.uasset" 347
"../../../KoreaGameJam/Content/Textures/UE4_LOGO_CARD.uasset" 348
"../../../KoreaGameJam/Content/Mannequin/Character/Materials/MaterialLayers/ML_Plastic_Shiny_Beige_LOGO.uasset" 349
"../../../KoreaGameJam/Content/Textures/T_ML_Aluminum01.uasset" 350
"../../../KoreaGameJam/Content/Textures/T_ML_Aluminum01_N.uasset" 351
"../../../KoreaGameJam/Content/Mannequin/Character/Materials/MaterialLayers/ML_SoftMetal_UE4.uasset" 352
"../../../KoreaGameJam/Content/Textures/UE4_Mannequin__normals.uasset" 353
"../../../KoreaGameJam/Content/Textures/UE4_Mannequin_MAT_MASKA.uasset" 354
"../../../KoreaGameJam/Content/Materials/M_UE4Man_Body.uasset" 355
"../../../KoreaGameJam/Content/Textures/UE4Man_Logo_N.uasset" 356
"../../../KoreaGameJam/Content/Mannequin/Character/Materials/M_UE4Man_ChestLogo.uasset" 357
"../../../KoreaGameJam/Content/Mannequin/Character/Mesh/SK_Mannequin_PhysicsAsset.uasset" 358
"../../../KoreaGameJam/Content/Mannequin/Character/Mesh/SK_Mannequin.uasset" 359
"../../../KoreaGameJam/Content/Character_BC.uasset" 360
"../../../KoreaGameJam/Content/Textures/Lobby_Blue.uasset" 361
"../../../KoreaGameJam/Content/Textures/Lobby_Red.uasset" 362
"../../../KoreaGameJam/Content/UserInterfaces/Progress.uasset" 363
"../../../KoreaGameJam/Content/Levels/Level.umap" 364
"../../../KoreaGameJam/Content/Audios/bgm2.uasset" 365
"../../../KoreaGameJam/Content/Levels/Lobby.umap" 366
"../../../Engine/Content/Maps/Entry.umap" 367
